0 info it worked if it ends with ok
1 verbose cli [ '/home/milankeca/.nvm/versions/node/v6.9.2/bin/node',
1 verbose cli   '/home/milankeca/.nvm/versions/node/v6.9.2/bin/npm',
1 verbose cli   'run',
1 verbose cli   'e2e',
1 verbose cli   '--',
1 verbose cli   './protractor.conf.js' ]
2 info using npm@3.10.9
3 info using node@v6.9.2
4 verbose run-script [ 'pree2e', 'e2e', 'poste2e' ]
5 info lifecycle hero-example@0.0.0~pree2e: hero-example@0.0.0
6 verbose lifecycle hero-example@0.0.0~pree2e: unsafe-perm in lifecycle true
7 verbose lifecycle hero-example@0.0.0~pree2e: PATH: /home/milankeca/.nvm/versions/node/v6.9.2/lib/node_modules/npm/bin/node-gyp-bin:/home/milankeca/JavaScript/reading_diary/javascript-101/examples/ng2-hero-example/node_modules/.bin:/home/milankeca/.nvm/versions/node/v6.9.2/bin:/home/milankeca/.rvm/gems/ruby-2.3.1/bin:/home/milankeca/.rvm/gems/ruby-2.3.1@global/bin:/home/milankeca/.rvm/rubies/ruby-2.3.1/bin:/usr/local/sbin:/usr/local/bin:/usr/sbin:/usr/bin:/sbin:/bin:/usr/games:/usr/local/games:/home/milankeca/.rvm/bin
8 verbose lifecycle hero-example@0.0.0~pree2e: CWD: /home/milankeca/JavaScript/reading_diary/javascript-101/examples/ng2-hero-example
9 silly lifecycle hero-example@0.0.0~pree2e: Args: [ '-c',
9 silly lifecycle   'webdriver-manager update --standalone false --gecko false' ]
10 silly lifecycle hero-example@0.0.0~pree2e: Returned: code: 0  signal: null
11 info lifecycle hero-example@0.0.0~e2e: hero-example@0.0.0
12 verbose lifecycle hero-example@0.0.0~e2e: unsafe-perm in lifecycle true
13 verbose lifecycle hero-example@0.0.0~e2e: PATH: /home/milankeca/.nvm/versions/node/v6.9.2/lib/node_modules/npm/bin/node-gyp-bin:/home/milankeca/JavaScript/reading_diary/javascript-101/examples/ng2-hero-example/node_modules/.bin:/home/milankeca/.nvm/versions/node/v6.9.2/bin:/home/milankeca/.rvm/gems/ruby-2.3.1/bin:/home/milankeca/.rvm/gems/ruby-2.3.1@global/bin:/home/milankeca/.rvm/rubies/ruby-2.3.1/bin:/usr/local/sbin:/usr/local/bin:/usr/sbin:/usr/bin:/sbin:/bin:/usr/games:/usr/local/games:/home/milankeca/.rvm/bin
14 verbose lifecycle hero-example@0.0.0~e2e: CWD: /home/milankeca/JavaScript/reading_diary/javascript-101/examples/ng2-hero-example
15 silly lifecycle hero-example@0.0.0~e2e: Args: [ '-c', 'protractor "./protractor.conf.js"' ]
16 silly lifecycle hero-example@0.0.0~e2e: Returned: code: 199  signal: null
17 info lifecycle hero-example@0.0.0~e2e: Failed to exec e2e script
18 verbose stack Error: hero-example@0.0.0 e2e: `protractor "./protractor.conf.js"`
18 verbose stack Exit status 199
18 verbose stack     at EventEmitter.<anonymous> (/home/milankeca/.nvm/versions/node/v6.9.2/lib/node_modules/npm/lib/utils/lifecycle.js:255:16)
18 verbose stack     at emitTwo (events.js:106:13)
18 verbose stack     at EventEmitter.emit (events.js:191:7)
18 verbose stack     at ChildProcess.<anonymous> (/home/milankeca/.nvm/versions/node/v6.9.2/lib/node_modules/npm/lib/utils/spawn.js:40:14)
18 verbose stack     at emitTwo (events.js:106:13)
18 verbose stack     at ChildProcess.emit (events.js:191:7)
18 verbose stack     at maybeClose (internal/child_process.js:877:16)
18 verbose stack     at Process.ChildProcess._handle.onexit (internal/child_process.js:226:5)
19 verbose pkgid hero-example@0.0.0
20 verbose cwd /home/milankeca/JavaScript/reading_diary/javascript-101/examples/ng2-hero-example
21 error Linux 3.13.0-36-generic
22 error argv "/home/milankeca/.nvm/versions/node/v6.9.2/bin/node" "/home/milankeca/.nvm/versions/node/v6.9.2/bin/npm" "run" "e2e" "--" "./protractor.conf.js"
23 error node v6.9.2
24 error npm  v3.10.9
25 error code ELIFECYCLE
26 error hero-example@0.0.0 e2e: `protractor "./protractor.conf.js"`
26 error Exit status 199
27 error Failed at the hero-example@0.0.0 e2e script 'protractor "./protractor.conf.js"'.
27 error Make sure you have the latest version of node.js and npm installed.
27 error If you do, this is most likely a problem with the hero-example package,
27 error not with npm itself.
27 error Tell the author that this fails on your system:
27 error     protractor "./protractor.conf.js"
27 error You can get information on how to open an issue for this project with:
27 error     npm bugs hero-example
27 error Or if that isn't available, you can get their info via:
27 error     npm owner ls hero-example
27 error There is likely additional logging output above.
28 verbose exit [ 1, true ]
