0 info it worked if it ends with ok
1 verbose cli [ '/home/milankeca/.nvm/versions/node/v6.9.2/bin/node',
1 verbose cli   '/home/milankeca/.nvm/versions/node/v6.9.2/bin/npm',
1 verbose cli   'start' ]
2 info using npm@3.10.9
3 info using node@v6.9.2
4 verbose stack Error: missing script: start
4 verbose stack     at run (/home/milankeca/.nvm/versions/node/v6.9.2/lib/node_modules/npm/lib/run-script.js:151:19)
4 verbose stack     at /home/milankeca/.nvm/versions/node/v6.9.2/lib/node_modules/npm/lib/run-script.js:61:5
4 verbose stack     at /home/milankeca/.nvm/versions/node/v6.9.2/lib/node_modules/npm/node_modules/read-package-json/read-json.js:356:5
4 verbose stack     at checkBinReferences_ (/home/milankeca/.nvm/versions/node/v6.9.2/lib/node_modules/npm/node_modules/read-package-json/read-json.js:320:45)
4 verbose stack     at final (/home/milankeca/.nvm/versions/node/v6.9.2/lib/node_modules/npm/node_modules/read-package-json/read-json.js:354:3)
4 verbose stack     at then (/home/milankeca/.nvm/versions/node/v6.9.2/lib/node_modules/npm/node_modules/read-package-json/read-json.js:124:5)
4 verbose stack     at ReadFileContext.<anonymous> (/home/milankeca/.nvm/versions/node/v6.9.2/lib/node_modules/npm/node_modules/read-package-json/read-json.js:295:20)
4 verbose stack     at ReadFileContext.callback (/home/milankeca/.nvm/versions/node/v6.9.2/lib/node_modules/npm/node_modules/graceful-fs/graceful-fs.js:78:16)
4 verbose stack     at FSReqWrap.readFileAfterOpen [as oncomplete] (fs.js:365:13)
5 verbose cwd /home/milankeca/JavaScript/reading_diary/javascript-101/examples/heroServer
6 error Linux 3.13.0-36-generic
7 error argv "/home/milankeca/.nvm/versions/node/v6.9.2/bin/node" "/home/milankeca/.nvm/versions/node/v6.9.2/bin/npm" "start"
8 error node v6.9.2
9 error npm  v3.10.9
10 error missing script: start
11 error If you need help, you may report this error at:
11 error     <https://github.com/npm/npm/issues>
12 verbose exit [ 1, true ]
